--------------------------------------------------------------------------------
This is a log file of running processes on machine created using automation script
--------------------------------------------------------------------------------
{'name': 'System Idle Process', 'username': 'NT AUTHORITY\\SYSTEM', 'pid': 0}
{'name': 'System', 'username': 'NT AUTHORITY\\SYSTEM', 'pid': 4}
{'name': '', 'username': None, 'pid': 140}
{'name': 'Registry', 'username': None, 'pid': 184}
{'name': 'csrss.exe', 'username': None, 'pid': 472}
{'name': 'cpptools.exe', 'username': 'PREMCHOUDHARY\\premc', 'pid': 684}
{'name': 'smss.exe', 'username': None, 'pid': 716}
{'name': 'cmd.exe', 'username': 'PREMCHOUDHARY\\premc', 'pid': 1036}
{'name': 'wininit.exe', 'username': None, 'pid': 1044}
{'name': 'csrss.exe', 'username': None, 'pid': 1056}
{'name': 'RuntimeBroker.exe', 'username': 'PREMCHOUDHARY\\premc', 'pid': 1084}
{'name': 'svchost.exe', 'username': None, 'pid': 1120}
{'name': 'services.exe', 'username': None, 'pid': 1124}
{'name': 'LsaIso.exe', 'username': None, 'pid': 1132}
{'name': 'conhost.exe', 'username': 'PREMCHOUDHARY\\premc', 'pid': 1144}
{'name': 'lsass.exe', 'username': None, 'pid': 1152}
{'name': 'svchost.exe', 'username': None, 'pid': 1192}
{'name': 'winlogon.exe', 'username': None, 'pid': 1224}
{'name': 'svchost.exe', 'username': None, 'pid': 1264}
{'name': 'svchost.exe', 'username': None, 'pid': 1360}
{'name': 'fontdrvhost.exe', 'username': None, 'pid': 1368}
{'name': 'fontdrvhost.exe', 'username': None, 'pid': 1376}
{'name': 'chrome.exe', 'username': 'PREMCHOUDHARY\\premc', 'pid': 1388}
{'name': 'chrome.exe', 'username': 'PREMCHOUDHARY\\premc', 'pid': 1400}
{'name': 'WUDFHost.exe', 'username': None, 'pid': 1492}
{'name': 'RtkAudUService64.exe', 'username': 'PREMCHOUDHARY\\premc', 'pid': 1540}
{'name': 'svchost.exe', 'username': None, 'pid': 1544}
{'name': 'svchost.exe', 'username': None, 'pid': 1588}
{'name': 'dwm.exe', 'username': None, 'pid': 1664}
{'name': 'svchost.exe', 'username': None, 'pid': 1732}
{'name': 'WUDFHost.exe', 'username': None, 'pid': 1752}
{'name': 'svchost.exe', 'username': None, 'pid': 1832}
{'name': 'svchost.exe', 'username': None, 'pid': 1884}
{'name': 'svchost.exe', 'username': None, 'pid': 1892}
{'name': 'svchost.exe', 'username': None, 'pid': 1900}
{'name': 'svchost.exe', 'username': None, 'pid': 1908}
{'name': 'conhost.exe', 'username': 'PREMCHOUDHARY\\premc', 'pid': 1984}
{'name': 'WUDFHost.exe', 'username': None, 'pid': 2008}
{'name': 'svchost.exe', 'username': None, 'pid': 2064}
{'name': 'chrome.exe', 'username': 'PREMCHOUDHARY\\premc', 'pid': 2076}
{'name': 'svchost.exe', 'username': None, 'pid': 2136}
{'name': 'svchost.exe', 'username': None, 'pid': 2168}
{'name': 'svchost.exe', 'username': None, 'pid': 2196}
{'name': 'svchost.exe', 'username': None, 'pid': 2208}
{'name': 'WUDFHost.exe', 'username': None, 'pid': 2344}
{'name': 'IntelCpHDCPSvc.exe', 'username': None, 'pid': 2360}
{'name': 'sourcery.exe', 'username': 'PREMCHOUDHARY\\premc', 'pid': 2368}
{'name': 'svchost.exe', 'username': None, 'pid': 2380}
{'name': 'svchost.exe', 'username': None, 'pid': 2420}
{'name': 'svchost.exe', 'username': None, 'pid': 2444}
{'name': 'svchost.exe', 'username': None, 'pid': 2472}
{'name': 'svchost.exe', 'username': None, 'pid': 2512}
{'name': 'svchost.exe', 'username': None, 'pid': 2540}
{'name': 'svchost.exe', 'username': None, 'pid': 2640}
{'name': 'conhost.exe', 'username': 'PREMCHOUDHARY\\premc', 'pid': 2644}
{'name': 'svchost.exe', 'username': None, 'pid': 2656}
{'name': 'RuntimeBroker.exe', 'username': 'PREMCHOUDHARY\\premc', 'pid': 2772}
{'name': 'svchost.exe', 'username': None, 'pid': 2824}
{'name': 'svchost.exe', 'username': None, 'pid': 2832}
{'name': 'svchost.exe', 'username': None, 'pid': 2844}
{'name': 'conhost.exe', 'username': 'PREMCHOUDHARY\\premc', 'pid': 2904}
{'name': 'WUDFHost.exe', 'username': None, 'pid': 2992}
{'name': 'svchost.exe', 'username': None, 'pid': 3016}
{'name': 'igfxCUIServiceN.exe', 'username': None, 'pid': 3096}
{'name': 'ModuleCoreService.exe', 'username': 'PREMCHOUDHARY\\premc', 'pid': 3128}
{'name': 'svchost.exe', 'username': None, 'pid': 3160}
{'name': 'svchost.exe', 'username': None, 'pid': 3360}
{'name': 'svchost.exe', 'username': None, 'pid': 3376}
{'name': 'svchost.exe', 'username': None, 'pid': 3392}
{'name': 'svchost.exe', 'username': None, 'pid': 3408}
{'name': 'svchost.exe', 'username': None, 'pid': 3464}
{'name': 'MemCompression', 'username': None, 'pid': 3520}
{'name': 'svchost.exe', 'username': None, 'pid': 3536}
{'name': 'svchost.exe', 'username': None, 'pid': 3548}
{'name': 'chrome.exe', 'username': 'PREMCHOUDHARY\\premc', 'pid': 3580}
{'name': 'svchost.exe', 'username': None, 'pid': 3616}
{'name': 'java.exe', 'username': 'PREMCHOUDHARY\\premc', 'pid': 3648}
{'name': 'svchost.exe', 'username': None, 'pid': 3656}
{'name': 'svchost.exe', 'username': None, 'pid': 3720}
{'name': 'dllhost.exe', 'username': 'PREMCHOUDHARY\\premc', 'pid': 3792}
{'name': 'svchost.exe', 'username': None, 'pid': 3848}
{'name': 'powershell.exe', 'username': 'PREMCHOUDHARY\\premc', 'pid': 3864}
{'name': 'svchost.exe', 'username': None, 'pid': 3968}
{'name': 'svchost.exe', 'username': None, 'pid': 4080}
{'name': 'svchost.exe', 'username': None, 'pid': 4140}
{'name': 'mcshield.exe', 'username': None, 'pid': 4176}
{'name': 'svchost.exe', 'username': None, 'pid': 4252}
{'name': 'spoolsv.exe', 'username': None, 'pid': 4344}
{'name': 'Code.exe', 'username': 'PREMCHOUDHARY\\premc', 'pid': 4352}
{'name': 'svchost.exe', 'username': None, 'pid': 4424}
{'name': 'svchost.exe', 'username': None, 'pid': 4480}
{'name': 'OneApp.IGCC.WinService.exe', 'username': None, 'pid': 4492}
{'name': 'conhost.exe', 'username': 'PREMCHOUDHARY\\premc', 'pid': 4500}
{'name': 'cpptools-srv.exe', 'username': 'PREMCHOUDHARY\\premc', 'pid': 4520}
{'name': 'svchost.exe', 'username': None, 'pid': 4540}
{'name': 'igfxEMN.exe', 'username': 'PREMCHOUDHARY\\premc', 'pid': 4600}
{'name': 'svchost.exe', 'username': None, 'pid': 4632}
{'name': 'NgcIso.exe', 'username': None, 'pid': 4636}
{'name': 'OneDrive.exe', 'username': 'PREMCHOUDHARY\\premc', 'pid': 4708}
{'name': 'chrome.exe', 'username': 'PREMCHOUDHARY\\premc', 'pid': 4720}
{'name': 'svchost.exe', 'username': None, 'pid': 4732}
{'name': 'wlanext.exe', 'username': None, 'pid': 4760}
{'name': 'svchost.exe', 'username': None, 'pid': 4768}
{'name': 'svchost.exe', 'username': None, 'pid': 4932}
{'name': 'armsvc.exe', 'username': None, 'pid': 4940}
{'name': 'AdobeUpdateService.exe', 'username': None, 'pid': 4948}
{'name': 'OfficeClickToRun.exe', 'username': None, 'pid': 4972}
{'name': 'svchost.exe', 'username': None, 'pid': 4980}
{'name': 'svchost.exe', 'username': None, 'pid': 4996}
{'name': 'DAX3API.exe', 'username': None, 'pid': 5012}
{'name': 'Code.exe', 'username': 'PREMCHOUDHARY\\premc', 'pid': 5020}
{'name': 'svchost.exe', 'username': None, 'pid': 5028}
{'name': 'esif_uf.exe', 'username': None, 'pid': 5076}
{'name': 'FMService64.exe', 'username': None, 'pid': 5104}
{'name': 'Lenovo.Modern.ImController.exe', 'username': None, 'pid': 5160}
{'name': 'IntelAudioService.exe', 'username': None, 'pid': 5216}
{'name': 'svchost.exe', 'username': None, 'pid': 5236}
{'name': 'LenovoUtilityService.exe', 'username': None, 'pid': 5280}
{'name': 'LNBITSSvc.exe', 'username': None, 'pid': 5308}
{'name': 'LMS.exe', 'username': None, 'pid': 5332}
{'name': 'VoiceAssistantService.exe', 'username': None, 'pid': 5348}
{'name': 'MpDefenderCoreService.exe', 'username': None, 'pid': 5396}
{'name': 'svchost.exe', 'username': None, 'pid': 5432}
{'name': 'mfemms.exe', 'username': None, 'pid': 5448}
{'name': 'backgroundTaskHost.exe', 'username': 'PREMCHOUDHARY\\premc', 'pid': 5456}
{'name': 'svchost.exe', 'username': None, 'pid': 5504}
{'name': 'ModuleCoreService.exe', 'username': None, 'pid': 5524}
{'name': 'powershell.exe', 'username': 'PREMCHOUDHARY\\premc', 'pid': 5560}
{'name': 'conhost.exe', 'username': 'PREMCHOUDHARY\\premc', 'pid': 5628}
{'name': 'PEFService.exe', 'username': None, 'pid': 5664}
{'name': 'mysqld.exe', 'username': None, 'pid': 5672}
{'name': 'RstMwService.exe', 'username': None, 'pid': 5724}
{'name': 'mongod.exe', 'username': None, 'pid': 5740}
{'name': 'backgroundTaskHost.exe', 'username': 'PREMCHOUDHARY\\premc', 'pid': 5776}
{'name': 'RtkAudUService64.exe', 'username': None, 'pid': 5780}
{'name': 'MonectServerService.exe', 'username': None, 'pid': 5800}
{'name': 'SessionService.exe', 'username': None, 'pid': 5828}
{'name': 'svchost.exe', 'username': None, 'pid': 5856}
{'name': 'UDClientService.exe', 'username': None, 'pid': 5892}
{'name': 'svchost.exe', 'username': None, 'pid': 5904}
{'name': 'MsMpEng.exe', 'username': None, 'pid': 5920}
{'name': 'svchost.exe', 'username': None, 'pid': 6056}
{'name': 'conhost.exe', 'username': 'PREMCHOUDHARY\\premc', 'pid': 6076}
{'name': 'msedge.exe', 'username': 'PREMCHOUDHARY\\premc', 'pid': 6084}
{'name': 'chrome.exe', 'username': 'PREMCHOUDHARY\\premc', 'pid': 6104}
{'name': 'svchost.exe', 'username': None, 'pid': 6108}
{'name': 'svchost.exe', 'username': None, 'pid': 6116}
{'name': 'svchost.exe', 'username': None, 'pid': 6124}
{'name': 'wslservice.exe', 'username': None, 'pid': 6148}
{'name': 'WMIRegistrationService.exe', 'username': None, 'pid': 6236}
{'name': 'AppProvisioningPlugin.exe', 'username': None, 'pid': 6588}
{'name': 'DAX3API.exe', 'username': None, 'pid': 6604}
{'name': 'jhi_service.exe', 'username': None, 'pid': 6664}
{'name': 'conhost.exe', 'username': 'PREMCHOUDHARY\\premc', 'pid': 6868}
{'name': 'mysqld.exe', 'username': None, 'pid': 7124}
{'name': 'svchost.exe', 'username': None, 'pid': 7216}
{'name': 'conhost.exe', 'username': None, 'pid': 7252}
{'name': 'svchost.exe', 'username': 'PREMCHOUDHARY\\premc', 'pid': 7564}
{'name': 'MMSSHOST.exe', 'username': None, 'pid': 7696}
{'name': 'sourcery.exe', 'username': 'PREMCHOUDHARY\\premc', 'pid': 7736}
{'name': 'cpptools-srv.exe', 'username': 'PREMCHOUDHARY\\premc', 'pid': 7796}
{'name': 'mfevtps.exe', 'username': None, 'pid': 7832}
{'name': 'svchost.exe', 'username': None, 'pid': 7840}
{'name': 'browserhost.exe', 'username': 'PREMCHOUDHARY\\premc', 'pid': 7940}
{'name': 'Code.exe', 'username': 'PREMCHOUDHARY\\premc', 'pid': 8080}
{'name': 'ProtectedModuleHost.exe', 'username': None, 'pid': 8144}
{'name': 'svchost.exe', 'username': 'PREMCHOUDHARY\\premc', 'pid': 8284}
{'name': 'taskhostw.exe', 'username': 'PREMCHOUDHARY\\premc', 'pid': 8328}
{'name': 'sihost.exe', 'username': 'PREMCHOUDHARY\\premc', 'pid': 8772}
{'name': 'svchost.exe', 'username': None, 'pid': 8844}
{'name': 'svchost.exe', 'username': 'PREMCHOUDHARY\\premc', 'pid': 9024}
{'name': 'svchost.exe', 'username': 'PREMCHOUDHARY\\premc', 'pid': 9080}
{'name': 'svchost.exe', 'username': None, 'pid': 9104}
{'name': 'svchost.exe', 'username': 'PREMCHOUDHARY\\premc', 'pid': 9124}
{'name': 'explorer.exe', 'username': 'PREMCHOUDHARY\\premc', 'pid': 9244}
{'name': 'AggregatorHost.exe', 'username': None, 'pid': 9260}
{'name': 'chrome.exe', 'username': 'PREMCHOUDHARY\\premc', 'pid': 9340}
{'name': 'conhost.exe', 'username': 'PREMCHOUDHARY\\premc', 'pid': 9368}
{'name': 'svchost.exe', 'username': None, 'pid': 9488}
{'name': 'unsecapp.exe', 'username': None, 'pid': 9592}
{'name': 'powershell.exe', 'username': 'PREMCHOUDHARY\\premc', 'pid': 9656}
{'name': 'conhost.exe', 'username': None, 'pid': 9676}
{'name': 'WmiApSrv.exe', 'username': None, 'pid': 9832}
{'name': 'conhost.exe', 'username': 'PREMCHOUDHARY\\premc', 'pid': 9968}
{'name': 'conhost.exe', 'username': None, 'pid': 10016}
{'name': 'WmiPrvSE.exe', 'username': None, 'pid': 10036}
{'name': 'dllhost.exe', 'username': 'PREMCHOUDHARY\\premc', 'pid': 10060}
{'name': 'ModuleCoreService.exe', 'username': None, 'pid': 10164}
{'name': 'MonectServer.exe', 'username': None, 'pid': 10336}
{'name': 'Code.exe', 'username': 'PREMCHOUDHARY\\premc', 'pid': 10404}
{'name': 'OpenConsole.exe', 'username': 'PREMCHOUDHARY\\premc', 'pid': 10428}
{'name': 'Code.exe', 'username': 'PREMCHOUDHARY\\premc', 'pid': 10440}
{'name': 'LenovoVantage-(GenericMessagingAddin).exe', 'username': 'PREMCHOUDHARY\\premc', 'pid': 10564}
{'name': 'svchost.exe', 'username': None, 'pid': 10568}
{'name': 'Code.exe', 'username': 'PREMCHOUDHARY\\premc', 'pid': 10668}
{'name': 'Code.exe', 'username': 'PREMCHOUDHARY\\premc', 'pid': 10788}
{'name': 'svchost.exe', 'username': None, 'pid': 10792}
{'name': 'svchost.exe', 'username': None, 'pid': 11024}
{'name': 'unsecapp.exe', 'username': 'PREMCHOUDHARY\\premc', 'pid': 11048}
{'name': 'conhost.exe', 'username': 'PREMCHOUDHARY\\premc', 'pid': 11064}
{'name': 'chrome.exe', 'username': 'PREMCHOUDHARY\\premc', 'pid': 11092}
{'name': 'AutoModeDetect.exe', 'username': 'PREMCHOUDHARY\\premc', 'pid': 11180}
{'name': 'conhost.exe', 'username': 'PREMCHOUDHARY\\premc', 'pid': 11208}
{'name': 'McCSPServiceHost.exe', 'username': None, 'pid': 11284}
{'name': 'chrome.exe', 'username': 'PREMCHOUDHARY\\premc', 'pid': 11344}
{'name': 'ApplicationFrameHost.exe', 'username': 'PREMCHOUDHARY\\premc', 'pid': 11348}
{'name': 'SystemSettings.exe', 'username': 'PREMCHOUDHARY\\premc', 'pid': 11376}
{'name': 'MfeAVSvc.exe', 'username': None, 'pid': 11384}
{'name': 'svchost.exe', 'username': None, 'pid': 11456}
{'name': 'svchost.exe', 'username': 'PREMCHOUDHARY\\premc', 'pid': 11528}
{'name': 'conhost.exe', 'username': 'PREMCHOUDHARY\\premc', 'pid': 11716}
{'name': 'WidgetService.exe', 'username': 'PREMCHOUDHARY\\premc', 'pid': 11752}
{'name': 'ShellHost.exe', 'username': 'PREMCHOUDHARY\\premc', 'pid': 11772}
{'name': 'SearchHost.exe', 'username': 'PREMCHOUDHARY\\premc', 'pid': 11840}
{'name': 'StartMenuExperienceHost.exe', 'username': 'PREMCHOUDHARY\\premc', 'pid': 11864}
{'name': 'msedge.exe', 'username': 'PREMCHOUDHARY\\premc', 'pid': 11924}
{'name': 'RuntimeBroker.exe', 'username': 'PREMCHOUDHARY\\premc', 'pid': 11980}
{'name': 'Code.exe', 'username': 'PREMCHOUDHARY\\premc', 'pid': 11984}
{'name': 'Widgets.exe', 'username': 'PREMCHOUDHARY\\premc', 'pid': 12036}
{'name': 'RuntimeBroker.exe', 'username': 'PREMCHOUDHARY\\premc', 'pid': 12072}
{'name': 'svchost.exe', 'username': 'PREMCHOUDHARY\\premc', 'pid': 12080}
{'name': 'RuntimeBroker.exe', 'username': 'PREMCHOUDHARY\\premc', 'pid': 12188}
{'name': 'AcrobatNotificationClient.exe', 'username': 'PREMCHOUDHARY\\premc', 'pid': 12260}
{'name': 'msedgewebview2.exe', 'username': 'PREMCHOUDHARY\\premc', 'pid': 12320}
{'name': 'chrome.exe', 'username': 'PREMCHOUDHARY\\premc', 'pid': 12340}
{'name': 'SecurityHealthService.exe', 'username': None, 'pid': 12432}
{'name': 'msedge.exe', 'username': 'PREMCHOUDHARY\\premc', 'pid': 12488}
{'name': 'svchost.exe', 'username': None, 'pid': 12560}
{'name': 'SearchIndexer.exe', 'username': None, 'pid': 12580}
{'name': 'msedgewebview2.exe', 'username': 'PREMCHOUDHARY\\premc', 'pid': 12784}
{'name': 'msedgewebview2.exe', 'username': 'PREMCHOUDHARY\\premc', 'pid': 12860}
{'name': 'msedgewebview2.exe', 'username': 'PREMCHOUDHARY\\premc', 'pid': 13132}
{'name': 'msedgewebview2.exe', 'username': 'PREMCHOUDHARY\\premc', 'pid': 13148}
{'name': 'svchost.exe', 'username': None, 'pid': 13172}
{'name': 'msedgewebview2.exe', 'username': 'PREMCHOUDHARY\\premc', 'pid': 13280}
{'name': 'conhost.exe', 'username': 'PREMCHOUDHARY\\premc', 'pid': 13328}
{'name': 'idea64.exe', 'username': 'PREMCHOUDHARY\\premc', 'pid': 13448}
{'name': 'FnHotkeyCapsLKNumLK.exe', 'username': 'PREMCHOUDHARY\\premc', 'pid': 13576}
{'name': 'chrome.exe', 'username': 'PREMCHOUDHARY\\premc', 'pid': 13664}
{'name': 'FnHotkeyUtility.exe', 'username': 'PREMCHOUDHARY\\premc', 'pid': 13676}
{'name': 'conhost.exe', 'username': 'PREMCHOUDHARY\\premc', 'pid': 13752}
{'name': 'unsecapp.exe', 'username': 'PREMCHOUDHARY\\premc', 'pid': 13796}
{'name': 'AdobeCollabSync.exe', 'username': 'PREMCHOUDHARY\\premc', 'pid': 13924}
{'name': 'svchost.exe', 'username': None, 'pid': 13952}
{'name': 'chrome.exe', 'username': 'PREMCHOUDHARY\\premc', 'pid': 14076}
{'name': 'conhost.exe', 'username': 'PREMCHOUDHARY\\premc', 'pid': 14092}
{'name': 'AdobeCollabSync.exe', 'username': 'PREMCHOUDHARY\\premc', 'pid': 14124}
{'name': 'svchost.exe', 'username': None, 'pid': 14428}
{'name': 'Code.exe', 'username': 'PREMCHOUDHARY\\premc', 'pid': 14504}
{'name': 'UserOOBEBroker.exe', 'username': 'PREMCHOUDHARY\\premc', 'pid': 14516}
{'name': 'cmd.exe', 'username': 'PREMCHOUDHARY\\premc', 'pid': 14612}
{'name': 'NisSrv.exe', 'username': None, 'pid': 14872}
{'name': 'Code.exe', 'username': 'PREMCHOUDHARY\\premc', 'pid': 15032}
{'name': 'Code.exe', 'username': 'PREMCHOUDHARY\\premc', 'pid': 15048}
{'name': 'RuntimeBroker.exe', 'username': 'PREMCHOUDHARY\\premc', 'pid': 15068}
{'name': 'ctfmon.exe', 'username': 'PREMCHOUDHARY\\premc', 'pid': 15132}
{'name': 'OpenConsole.exe', 'username': 'PREMCHOUDHARY\\premc', 'pid': 15264}
{'name': 'mcapexe.exe', 'username': None, 'pid': 15296}
{'name': 'conhost.exe', 'username': 'PREMCHOUDHARY\\premc', 'pid': 15680}
{'name': 'TextInputHost.exe', 'username': 'PREMCHOUDHARY\\premc', 'pid': 16028}
{'name': 'cpptools-srv.exe', 'username': 'PREMCHOUDHARY\\premc', 'pid': 16120}
{'name': 'svchost.exe', 'username': 'PREMCHOUDHARY\\premc', 'pid': 16228}
{'name': 'FileSyncHelper.exe', 'username': None, 'pid': 16264}
{'name': 'RuntimeBroker.exe', 'username': 'PREMCHOUDHARY\\premc', 'pid': 16276}
{'name': 'svchost.exe', 'username': 'PREMCHOUDHARY\\premc', 'pid': 16600}
{'name': 'cpptools-srv.exe', 'username': 'PREMCHOUDHARY\\premc', 'pid': 16632}
{'name': 'chrome.exe', 'username': 'PREMCHOUDHARY\\premc', 'pid': 16696}
{'name': 'cpptools.exe', 'username': 'PREMCHOUDHARY\\premc', 'pid': 16748}
{'name': 'chrome.exe', 'username': 'PREMCHOUDHARY\\premc', 'pid': 16776}
{'name': 'Code.exe', 'username': 'PREMCHOUDHARY\\premc', 'pid': 17004}
{'name': 'svchost.exe', 'username': None, 'pid': 17168}
{'name': 'chrome.exe', 'username': 'PREMCHOUDHARY\\premc', 'pid': 17532}
{'name': 'RuntimeBroker.exe', 'username': 'PREMCHOUDHARY\\premc', 'pid': 17608}
{'name': 'Code.exe', 'username': 'PREMCHOUDHARY\\premc', 'pid': 17716}
{'name': 'chrome.exe', 'username': 'PREMCHOUDHARY\\premc', 'pid': 17732}
{'name': 'AdobeNotificationClient.exe', 'username': 'PREMCHOUDHARY\\premc', 'pid': 18060}
{'name': 'WhatsApp.exe', 'username': 'PREMCHOUDHARY\\premc', 'pid': 18184}
{'name': 'powershell.exe', 'username': 'PREMCHOUDHARY\\premc', 'pid': 18192}
{'name': 'svchost.exe', 'username': None, 'pid': 18560}
{'name': 'MoNotificationUx.exe', 'username': 'PREMCHOUDHARY\\premc', 'pid': 18696}
{'name': 'LenovoVantage-(VantageCoreAddin).exe', 'username': None, 'pid': 18964}
{'name': 'SDXHelper.exe', 'username': 'PREMCHOUDHARY\\premc', 'pid': 19144}
{'name': 'conhost.exe', 'username': 'PREMCHOUDHARY\\premc', 'pid': 19208}
{'name': 'Locator.exe', 'username': None, 'pid': 19280}
{'name': 'chrome.exe', 'username': 'PREMCHOUDHARY\\premc', 'pid': 19328}
{'name': 'msedge.exe', 'username': 'PREMCHOUDHARY\\premc', 'pid': 19428}
{'name': 'Code.exe', 'username': 'PREMCHOUDHARY\\premc', 'pid': 19444}
{'name': 'WindowsPackageManagerServer.exe', 'username': 'PREMCHOUDHARY\\premc', 'pid': 19636}
{'name': 'sourcery.exe', 'username': 'PREMCHOUDHARY\\premc', 'pid': 19844}
{'name': 'sourcery.exe', 'username': 'PREMCHOUDHARY\\premc', 'pid': 19848}
{'name': 'cpptools-srv.exe', 'username': 'PREMCHOUDHARY\\premc', 'pid': 19864}
{'name': 'conhost.exe', 'username': 'PREMCHOUDHARY\\premc', 'pid': 19900}
{'name': 'Code.exe', 'username': 'PREMCHOUDHARY\\premc', 'pid': 20052}
{'name': 'Code.exe', 'username': 'PREMCHOUDHARY\\premc', 'pid': 20132}
{'name': 'chrome.exe', 'username': 'PREMCHOUDHARY\\premc', 'pid': 20160}
{'name': 'conhost.exe', 'username': 'PREMCHOUDHARY\\premc', 'pid': 20260}
{'name': 'Code.exe', 'username': 'PREMCHOUDHARY\\premc', 'pid': 20268}
{'name': 'sourcery.exe', 'username': 'PREMCHOUDHARY\\premc', 'pid': 20336}
{'name': 'cpptools-srv.exe', 'username': 'PREMCHOUDHARY\\premc', 'pid': 20472}
{'name': 'LenovoVantage-(SmartDisplayAddin).exe', 'username': None, 'pid': 20688}
{'name': 'powershell.exe', 'username': 'PREMCHOUDHARY\\premc', 'pid': 21128}
{'name': 'Code.exe', 'username': 'PREMCHOUDHARY\\premc', 'pid': 21336}
{'name': 'svchost.exe', 'username': None, 'pid': 21552}
{'name': 'LenovoVantageService.exe', 'username': None, 'pid': 21704}
{'name': 'Code.exe', 'username': 'PREMCHOUDHARY\\premc', 'pid': 21720}
{'name': 'WindowsTerminal.exe', 'username': 'PREMCHOUDHARY\\premc', 'pid': 21940}
{'name': 'RuntimeBroker.exe', 'username': 'PREMCHOUDHARY\\premc', 'pid': 21988}
{'name': 'conhost.exe', 'username': 'PREMCHOUDHARY\\premc', 'pid': 22020}
{'name': 'ShellExperienceHost.exe', 'username': 'PREMCHOUDHARY\\premc', 'pid': 22256}
{'name': 'uihost.exe', 'username': 'PREMCHOUDHARY\\premc', 'pid': 22288}
{'name': 'msedge.exe', 'username': 'PREMCHOUDHARY\\premc', 'pid': 22316}
{'name': 'MfeBrowserHost.exe', 'username': 'PREMCHOUDHARY\\premc', 'pid': 22400}
{'name': 'svchost.exe', 'username': None, 'pid': 22428}
{'name': 'svchost.exe', 'username': None, 'pid': 22508}
{'name': 'OpenConsole.exe', 'username': 'PREMCHOUDHARY\\premc', 'pid': 22556}
{'name': 'msedge.exe', 'username': 'PREMCHOUDHARY\\premc', 'pid': 22724}
{'name': 'Code.exe', 'username': 'PREMCHOUDHARY\\premc', 'pid': 23064}
{'name': 'Code.exe', 'username': 'PREMCHOUDHARY\\premc', 'pid': 23172}
{'name': 'msedge.exe', 'username': 'PREMCHOUDHARY\\premc', 'pid': 23340}
{'name': 'Code.exe', 'username': 'PREMCHOUDHARY\\premc', 'pid': 23584}
{'name': 'conhost.exe', 'username': 'PREMCHOUDHARY\\premc', 'pid': 23760}
{'name': 'powershell.exe', 'username': 'PREMCHOUDHARY\\premc', 'pid': 24164}
{'name': 'fsnotifier.exe', 'username': 'PREMCHOUDHARY\\premc', 'pid': 24348}
{'name': 'cmd.exe', 'username': 'PREMCHOUDHARY\\premc', 'pid': 24372}
{'name': 'Code.exe', 'username': 'PREMCHOUDHARY\\premc', 'pid': 24468}
{'name': 'svchost.exe', 'username': None, 'pid': 24620}
{'name': 'Code.exe', 'username': 'PREMCHOUDHARY\\premc', 'pid': 24920}
{'name': 'conhost.exe', 'username': 'PREMCHOUDHARY\\premc', 'pid': 24952}
{'name': 'java.exe', 'username': 'PREMCHOUDHARY\\premc', 'pid': 25368}
{'name': 'python.exe', 'username': 'PREMCHOUDHARY\\premc', 'pid': 26448}
{'name': 'Code.exe', 'username': 'PREMCHOUDHARY\\premc', 'pid': 26708}
{'name': 'svchost.exe', 'username': None, 'pid': 27080}
{'name': 'servicehost.exe', 'username': None, 'pid': 27220}
{'name': 'Code.exe', 'username': 'PREMCHOUDHARY\\premc', 'pid': 27564}
{'name': 'svchost.exe', 'username': None, 'pid': 27972}
{'name': 'Code.exe', 'username': 'PREMCHOUDHARY\\premc', 'pid': 27976}
{'name': 'chrome.exe', 'username': 'PREMCHOUDHARY\\premc', 'pid': 27996}
{'name': 'Code.exe', 'username': 'PREMCHOUDHARY\\premc', 'pid': 28144}
{'name': 'conhost.exe', 'username': 'PREMCHOUDHARY\\premc', 'pid': 28212}
{'name': 'chrome.exe', 'username': 'PREMCHOUDHARY\\premc', 'pid': 28520}
{'name': 'pet.exe', 'username': 'PREMCHOUDHARY\\premc', 'pid': 28736}
{'name': 'chrome.exe', 'username': 'PREMCHOUDHARY\\premc', 'pid': 28824}
{'name': 'powershell.exe', 'username': 'PREMCHOUDHARY\\premc', 'pid': 28828}
{'name': 'chrome.exe', 'username': 'PREMCHOUDHARY\\premc', 'pid': 28848}
{'name': 'LockApp.exe', 'username': 'PREMCHOUDHARY\\premc', 'pid': 28944}
{'name': 'conhost.exe', 'username': 'PREMCHOUDHARY\\premc', 'pid': 28992}
{'name': 'PhoneExperienceHost.exe', 'username': 'PREMCHOUDHARY\\premc', 'pid': 29020}
{'name': 'chrome.exe', 'username': 'PREMCHOUDHARY\\premc', 'pid': 29084}
{'name': 'pet.exe', 'username': 'PREMCHOUDHARY\\premc', 'pid': 29356}
{'name': 'RuntimeBroker.exe', 'username': 'PREMCHOUDHARY\\premc', 'pid': 29460}
{'name': 'Lenovo.Modern.ImController.PluginHost.Device.exe', 'username': 'PREMCHOUDHARY\\premc', 'pid': 29672}
{'name': 'chrome.exe', 'username': 'PREMCHOUDHARY\\premc', 'pid': 30612}
--------------------------------------------------------------------------------
Total running processes are : 352 
This file is created at
Thu Jun 19 11:58:53 2025
--------------------------------------------------------------------------------
